[2024-12-13T11:19:09.756+0000][gc,heap] Heap region size: 1M
[2024-12-13T11:19:09.784+0000][gc     ] Using G1
[2024-12-13T11:19:09.784+0000][gc,heap,coops] Heap address: 0x00000000c0000000, size: 1024 MB, Compressed Oops mode: 32-bit
[2024-12-13T11:19:09.784+0000][gc,cds       ] Mark closed archive regions in map: [0x00000000fff00000, 0x00000000fff6bff8]
[2024-12-13T11:19:09.784+0000][gc,cds       ] Mark open archive regions in map: [0x00000000ffe00000, 0x00000000ffe47ff8]
[2024-12-13T11:19:11.204+0000][gc,start     ] GC(0) Pause Young (Normal) (G1 Evacuation Pause)
[2024-12-13T11:19:11.210+0000][gc,task      ] GC(0) Using 4 workers of 4 for evacuation
[2024-12-13T11:19:11.226+0000][gc,phases    ] GC(0)   Pre Evacuate Collection Set: 0.0ms
[2024-12-13T11:19:11.226+0000][gc,phases    ] GC(0)   Evacuate Collection Set: 15.4ms
[2024-12-13T11:19:11.226+0000][gc,phases    ] GC(0)   Post Evacuate Collection Set: 0.3ms
[2024-12-13T11:19:11.226+0000][gc,phases    ] GC(0)   Other: 6.4ms
[2024-12-13T11:19:11.226+0000][gc,heap      ] GC(0) Eden regions: 51->0(44)
[2024-12-13T11:19:11.226+0000][gc,heap      ] GC(0) Survivor regions: 0->7(7)
[2024-12-13T11:19:11.226+0000][gc,heap      ] GC(0) Old regions: 2->2
[2024-12-13T11:19:11.226+0000][gc,heap      ] GC(0) Humongous regions: 0->0
[2024-12-13T11:19:11.226+0000][gc,metaspace ] GC(0) Metaspace: 15219K(16000K)->15219K(16000K) NonClass: 13339K(13824K)->13339K(13824K) Class: 1880K(2176K)->1880K(2176K)
[2024-12-13T11:19:11.226+0000][gc           ] GC(0) Pause Young (Normal) (G1 Evacuation Pause) 51M->7M(1024M) 22.161ms
[2024-12-13T11:19:11.226+0000][gc,cpu       ] GC(0) User=0.01s Sys=0.01s Real=0.02s
[2024-12-13T11:19:11.988+0000][gc,start     ] GC(1) Pause Young (Concurrent Start) (Metadata GC Threshold)
[2024-12-13T11:19:11.988+0000][gc,task      ] GC(1) Using 4 workers of 4 for evacuation
[2024-12-13T11:19:12.013+0000][gc,mmu       ] GC(1) MMU target violated: 21.0ms (20.0ms/21.0ms)
[2024-12-13T11:19:12.013+0000][gc,phases    ] GC(1)   Pre Evacuate Collection Set: 0.1ms
[2024-12-13T11:19:12.013+0000][gc,phases    ] GC(1)   Evacuate Collection Set: 23.7ms
[2024-12-13T11:19:12.013+0000][gc,phases    ] GC(1)   Post Evacuate Collection Set: 0.4ms
[2024-12-13T11:19:12.013+0000][gc,phases    ] GC(1)   Other: 0.2ms
[2024-12-13T11:19:12.013+0000][gc,heap      ] GC(1) Eden regions: 23->0(50)
[2024-12-13T11:19:12.013+0000][gc,heap      ] GC(1) Survivor regions: 7->1(7)
[2024-12-13T11:19:12.013+0000][gc,heap      ] GC(1) Old regions: 2->9
[2024-12-13T11:19:12.013+0000][gc,heap      ] GC(1) Humongous regions: 0->0
[2024-12-13T11:19:12.013+0000][gc,metaspace ] GC(1) Metaspace: 20636K(21248K)->20636K(21248K) NonClass: 18103K(18432K)->18103K(18432K) Class: 2533K(2816K)->2533K(2816K)
[2024-12-13T11:19:12.013+0000][gc           ] GC(1) Pause Young (Concurrent Start) (Metadata GC Threshold) 29M->8M(1024M) 24.382ms
[2024-12-13T11:19:12.013+0000][gc,cpu       ] GC(1) User=0.03s Sys=0.00s Real=0.03s
[2024-12-13T11:19:12.013+0000][gc           ] GC(2) Concurrent Cycle
[2024-12-13T11:19:12.013+0000][gc,marking   ] GC(2) Concurrent Clear Claimed Marks
[2024-12-13T11:19:12.013+0000][gc,marking   ] GC(2) Concurrent Clear Claimed Marks 0.042ms
[2024-12-13T11:19:12.013+0000][gc,marking   ] GC(2) Concurrent Scan Root Regions
[2024-12-13T11:19:12.014+0000][gc,marking   ] GC(2) Concurrent Scan Root Regions 0.915ms
[2024-12-13T11:19:12.014+0000][gc,marking   ] GC(2) Concurrent Mark (2.260s)
[2024-12-13T11:19:12.014+0000][gc,marking   ] GC(2) Concurrent Mark From Roots
[2024-12-13T11:19:12.014+0000][gc,task      ] GC(2) Using 1 workers of 1 for marking
[2024-12-13T11:19:12.024+0000][gc,marking   ] GC(2) Concurrent Mark From Roots 10.401ms
[2024-12-13T11:19:12.024+0000][gc,marking   ] GC(2) Concurrent Preclean
[2024-12-13T11:19:12.024+0000][gc,marking   ] GC(2) Concurrent Preclean 0.041ms
[2024-12-13T11:19:12.024+0000][gc,marking   ] GC(2) Concurrent Mark (2.260s, 2.271s) 10.465ms
[2024-12-13T11:19:12.025+0000][gc,start     ] GC(2) Pause Remark
[2024-12-13T11:19:12.031+0000][gc,stringtable] GC(2) Cleaned string and symbol table, strings: 5703 processed, 0 removed, symbols: 51878 processed, 44 removed
[2024-12-13T11:19:12.031+0000][gc            ] GC(2) Pause Remark 9M->9M(1024M) 6.854ms
[2024-12-13T11:19:12.031+0000][gc,cpu        ] GC(2) User=0.00s Sys=0.00s Real=0.00s
[2024-12-13T11:19:12.032+0000][gc,marking    ] GC(2) Concurrent Rebuild Remembered Sets
[2024-12-13T11:19:12.035+0000][gc,marking    ] GC(2) Concurrent Rebuild Remembered Sets 3.185ms
[2024-12-13T11:19:12.039+0000][gc,start      ] GC(2) Pause Cleanup
[2024-12-13T11:19:12.039+0000][gc            ] GC(2) Pause Cleanup 9M->9M(1024M) 0.163ms
[2024-12-13T11:19:12.039+0000][gc,cpu        ] GC(2) User=0.00s Sys=0.00s Real=0.00s
[2024-12-13T11:19:12.040+0000][gc,marking    ] GC(2) Concurrent Cleanup for Next Mark
[2024-12-13T11:19:12.140+0000][gc,marking    ] GC(2) Concurrent Cleanup for Next Mark 99.437ms
[2024-12-13T11:19:12.140+0000][gc            ] GC(2) Concurrent Cycle 126.869ms
[2024-12-13T11:19:13.095+0000][gc,start      ] GC(3) Pause Young (Normal) (G1 Evacuation Pause)
[2024-12-13T11:19:13.095+0000][gc,task       ] GC(3) Using 4 workers of 4 for evacuation
[2024-12-13T11:19:13.122+0000][gc,mmu        ] GC(3) MMU target violated: 21.0ms (20.0ms/21.0ms)
[2024-12-13T11:19:13.122+0000][gc,phases     ] GC(3)   Pre Evacuate Collection Set: 0.0ms
[2024-12-13T11:19:13.122+0000][gc,phases     ] GC(3)   Evacuate Collection Set: 24.1ms
[2024-12-13T11:19:13.122+0000][gc,phases     ] GC(3)   Post Evacuate Collection Set: 3.3ms
[2024-12-13T11:19:13.122+0000][gc,phases     ] GC(3)   Other: 0.2ms
[2024-12-13T11:19:13.122+0000][gc,heap       ] GC(3) Eden regions: 50->0(46)
[2024-12-13T11:19:13.122+0000][gc,heap       ] GC(3) Survivor regions: 1->5(7)
[2024-12-13T11:19:13.122+0000][gc,heap       ] GC(3) Old regions: 9->9
[2024-12-13T11:19:13.122+0000][gc,heap       ] GC(3) Humongous regions: 129->129
[2024-12-13T11:19:13.122+0000][gc,metaspace  ] GC(3) Metaspace: 29282K(30464K)->29282K(30464K) NonClass: 25868K(26624K)->25868K(26624K) Class: 3413K(3840K)->3413K(3840K)
[2024-12-13T11:19:13.122+0000][gc            ] GC(3) Pause Young (Normal) (G1 Evacuation Pause) 187M->140M(1024M) 27.615ms
[2024-12-13T11:19:13.122+0000][gc,cpu        ] GC(3) User=0.04s Sys=0.00s Real=0.03s
[2024-12-13T11:19:13.924+0000][gc,start      ] GC(4) Pause Young (Concurrent Start) (Metadata GC Threshold)
[2024-12-13T11:19:13.924+0000][gc,task       ] GC(4) Using 4 workers of 4 for evacuation
[2024-12-13T11:19:13.968+0000][gc,mmu        ] GC(4) MMU target violated: 21.0ms (20.0ms/21.0ms)
[2024-12-13T11:19:13.968+0000][gc,phases     ] GC(4)   Pre Evacuate Collection Set: 0.1ms
[2024-12-13T11:19:13.968+0000][gc,phases     ] GC(4)   Evacuate Collection Set: 36.0ms
[2024-12-13T11:19:13.968+0000][gc,phases     ] GC(4)   Post Evacuate Collection Set: 8.0ms
[2024-12-13T11:19:13.968+0000][gc,phases     ] GC(4)   Other: 0.2ms
[2024-12-13T11:19:13.968+0000][gc,heap       ] GC(4) Eden regions: 25->0(49)
[2024-12-13T11:19:13.968+0000][gc,heap       ] GC(4) Survivor regions: 5->2(7)
[2024-12-13T11:19:13.968+0000][gc,heap       ] GC(4) Old regions: 9->14
[2024-12-13T11:19:13.968+0000][gc,heap       ] GC(4) Humongous regions: 129->129
[2024-12-13T11:19:13.968+0000][gc,metaspace  ] GC(4) Metaspace: 34474K(35840K)->34474K(35840K) NonClass: 30401K(31104K)->30401K(31104K) Class: 4073K(4736K)->4073K(4736K)
[2024-12-13T11:19:13.968+0000][gc            ] GC(4) Pause Young (Concurrent Start) (Metadata GC Threshold) 165M->142M(1024M) 44.400ms
[2024-12-13T11:19:13.968+0000][gc,cpu        ] GC(4) User=0.03s Sys=0.00s Real=0.04s
[2024-12-13T11:19:13.969+0000][gc            ] GC(5) Concurrent Cycle
[2024-12-13T11:19:13.970+0000][gc,marking    ] GC(5) Concurrent Clear Claimed Marks
[2024-12-13T11:19:13.970+0000][gc,marking    ] GC(5) Concurrent Clear Claimed Marks 0.133ms
[2024-12-13T11:19:13.970+0000][gc,marking    ] GC(5) Concurrent Scan Root Regions
[2024-12-13T11:19:13.971+0000][gc,marking    ] GC(5) Concurrent Scan Root Regions 1.313ms
[2024-12-13T11:19:13.971+0000][gc,marking    ] GC(5) Concurrent Mark (4.217s)
[2024-12-13T11:19:13.971+0000][gc,marking    ] GC(5) Concurrent Mark From Roots
[2024-12-13T11:19:13.971+0000][gc,task       ] GC(5) Using 1 workers of 1 for marking
[2024-12-13T11:19:14.042+0000][gc,marking    ] GC(5) Concurrent Mark From Roots 71.370ms
[2024-12-13T11:19:14.042+0000][gc,marking    ] GC(5) Concurrent Preclean
[2024-12-13T11:19:14.042+0000][gc,marking    ] GC(5) Concurrent Preclean 0.056ms
[2024-12-13T11:19:14.042+0000][gc,marking    ] GC(5) Concurrent Mark (4.217s, 4.289s) 71.461ms
[2024-12-13T11:19:14.056+0000][gc,start      ] GC(5) Pause Remark
[2024-12-13T11:19:14.072+0000][gc,stringtable] GC(5) Cleaned string and symbol table, strings: 10262 processed, 11 removed, symbols: 83317 processed, 14 removed
[2024-12-13T11:19:14.084+0000][gc,mmu        ] GC(5) MMU target violated: 21.0ms (20.0ms/21.0ms)
[2024-12-13T11:19:14.084+0000][gc            ] GC(5) Pause Remark 144M->144M(1024M) 28.003ms
[2024-12-13T11:19:14.084+0000][gc,cpu        ] GC(5) User=0.02s Sys=0.00s Real=0.03s
[2024-12-13T11:19:14.091+0000][gc,marking    ] GC(5) Concurrent Rebuild Remembered Sets
[2024-12-13T11:19:14.100+0000][gc,marking    ] GC(5) Concurrent Rebuild Remembered Sets 9.502ms
[2024-12-13T11:19:14.134+0000][gc,start      ] GC(5) Pause Cleanup
[2024-12-13T11:19:14.134+0000][gc            ] GC(5) Pause Cleanup 145M->145M(1024M) 0.593ms
[2024-12-13T11:19:14.134+0000][gc,cpu        ] GC(5) User=0.00s Sys=0.00s Real=0.00s
[2024-12-13T11:19:14.144+0000][gc,marking    ] GC(5) Concurrent Cleanup for Next Mark
[2024-12-13T11:19:14.149+0000][gc,marking    ] GC(5) Concurrent Cleanup for Next Mark 4.488ms
[2024-12-13T11:19:14.149+0000][gc            ] GC(5) Concurrent Cycle 179.303ms
[2024-12-13T11:19:21.367+0000][gc,start      ] GC(6) Pause Young (Normal) (G1 Evacuation Pause)
[2024-12-13T11:19:21.367+0000][gc,task       ] GC(6) Using 4 workers of 4 for evacuation
[2024-12-13T11:19:21.413+0000][gc,mmu        ] GC(6) MMU target violated: 21.0ms (20.0ms/21.0ms)
[2024-12-13T11:19:21.413+0000][gc,phases     ] GC(6)   Pre Evacuate Collection Set: 0.0ms
[2024-12-13T11:19:21.413+0000][gc,phases     ] GC(6)   Evacuate Collection Set: 45.7ms
[2024-12-13T11:19:21.413+0000][gc,phases     ] GC(6)   Post Evacuate Collection Set: 0.4ms
[2024-12-13T11:19:21.413+0000][gc,phases     ] GC(6)   Other: 0.2ms
[2024-12-13T11:19:21.413+0000][gc,heap       ] GC(6) Eden regions: 49->0(46)
[2024-12-13T11:19:21.413+0000][gc,heap       ] GC(6) Survivor regions: 2->5(7)
[2024-12-13T11:19:21.413+0000][gc,heap       ] GC(6) Old regions: 14->14
[2024-12-13T11:19:21.413+0000][gc,heap       ] GC(6) Humongous regions: 129->129
[2024-12-13T11:19:21.413+0000][gc,metaspace  ] GC(6) Metaspace: 41650K(44160K)->41650K(44160K) NonClass: 36202K(37376K)->36202K(37376K) Class: 5448K(6784K)->5448K(6784K)
[2024-12-13T11:19:21.413+0000][gc            ] GC(6) Pause Young (Normal) (G1 Evacuation Pause) 191M->145M(1024M) 46.364ms
[2024-12-13T11:19:21.413+0000][gc,cpu        ] GC(6) User=0.04s Sys=0.00s Real=0.05s
[2024-12-13T11:27:12.377+0000][gc,start      ] GC(7) Pause Young (Normal) (G1 Evacuation Pause)
[2024-12-13T11:27:12.377+0000][gc,task       ] GC(7) Using 4 workers of 4 for evacuation
[2024-12-13T11:27:12.383+0000][gc,phases     ] GC(7)   Pre Evacuate Collection Set: 0.0ms
[2024-12-13T11:27:12.383+0000][gc,phases     ] GC(7)   Evacuate Collection Set: 5.5ms
[2024-12-13T11:27:12.383+0000][gc,phases     ] GC(7)   Post Evacuate Collection Set: 0.6ms
[2024-12-13T11:27:12.383+0000][gc,phases     ] GC(7)   Other: 0.2ms
[2024-12-13T11:27:12.383+0000][gc,heap       ] GC(7) Eden regions: 46->0(45)
[2024-12-13T11:27:12.383+0000][gc,heap       ] GC(7) Survivor regions: 5->6(7)
[2024-12-13T11:27:12.383+0000][gc,heap       ] GC(7) Old regions: 14->15
[2024-12-13T11:27:12.383+0000][gc,heap       ] GC(7) Humongous regions: 129->129
[2024-12-13T11:27:12.383+0000][gc,metaspace  ] GC(7) Metaspace: 43545K(46464K)->43545K(46464K) NonClass: 37910K(39424K)->37910K(39424K) Class: 5634K(7040K)->5634K(7040K)
[2024-12-13T11:27:12.383+0000][gc            ] GC(7) Pause Young (Normal) (G1 Evacuation Pause) 191M->148M(1024M) 6.332ms
[2024-12-13T11:27:12.383+0000][gc,cpu        ] GC(7) User=0.03s Sys=0.00s Real=0.01s
