[2024-12-03 12:04:14,436] INFO Shutting down the log cleaner. (kafka.log.LogCleaner)
[2024-12-03 12:04:14,437] INFO [kafka-log-cleaner-thread-0]: Shutting down (kafka.log.LogCleaner)
[2024-12-03 12:04:14,437] INFO [kafka-log-cleaner-thread-0]: Stopped (kafka.log.LogCleaner)
[2024-12-03 12:04:14,437] INFO [kafka-log-cleaner-thread-0]: Shutdown completed (kafka.log.LogCleaner)
[2024-12-03 12:09:55,801] INFO Starting the log cleaner (kafka.log.LogCleaner)
[2024-12-03 12:09:55,859] INFO [kafka-log-cleaner-thread-0]: Starting (kafka.log.LogCleaner)
[2024-12-03 12:24:22,146] INFO Shutting down the log cleaner. (kafka.log.LogCleaner)
[2024-12-03 12:24:22,146] INFO [kafka-log-cleaner-thread-0]: Shutting down (kafka.log.LogCleaner)
[2024-12-03 12:24:22,147] INFO [kafka-log-cleaner-thread-0]: Stopped (kafka.log.LogCleaner)
[2024-12-03 12:24:22,147] INFO [kafka-log-cleaner-thread-0]: Shutdown completed (kafka.log.LogCleaner)
[2024-12-03 12:30:12,367] INFO Starting the log cleaner (kafka.log.LogCleaner)
[2024-12-03 12:30:12,437] INFO [kafka-log-cleaner-thread-0]: Starting (kafka.log.LogCleaner)
[2024-12-03 12:36:53,085] INFO Shutting down the log cleaner. (kafka.log.LogCleaner)
[2024-12-03 12:36:53,086] INFO [kafka-log-cleaner-thread-0]: Shutting down (kafka.log.LogCleaner)
[2024-12-03 12:36:53,086] INFO [kafka-log-cleaner-thread-0]: Stopped (kafka.log.LogCleaner)
[2024-12-03 12:36:53,086] INFO [kafka-log-cleaner-thread-0]: Shutdown completed (kafka.log.LogCleaner)
[2024-12-03 12:42:54,579] INFO Starting the log cleaner (kafka.log.LogCleaner)
[2024-12-03 12:42:54,646] INFO [kafka-log-cleaner-thread-0]: Starting (kafka.log.LogCleaner)
[2024-12-03 12:49:05,415] INFO Shutting down the log cleaner. (kafka.log.LogCleaner)
[2024-12-03 12:49:05,415] INFO [kafka-log-cleaner-thread-0]: Shutting down (kafka.log.LogCleaner)
[2024-12-03 12:49:05,415] INFO [kafka-log-cleaner-thread-0]: Stopped (kafka.log.LogCleaner)
[2024-12-03 12:49:05,416] INFO [kafka-log-cleaner-thread-0]: Shutdown completed (kafka.log.LogCleaner)
[2024-12-05 14:15:52,576] INFO Starting the log cleaner (kafka.log.LogCleaner)
[2024-12-05 14:15:52,636] INFO [kafka-log-cleaner-thread-0]: Starting (kafka.log.LogCleaner)
[2024-12-11 18:55:32,952] INFO Starting the log cleaner (kafka.log.LogCleaner)
[2024-12-11 18:55:33,025] INFO [kafka-log-cleaner-thread-0]: Starting (kafka.log.LogCleaner)
[2024-12-11 19:58:43,491] INFO Starting the log cleaner (kafka.log.LogCleaner)
[2024-12-11 19:58:43,545] INFO [kafka-log-cleaner-thread-0]: Starting (kafka.log.LogCleaner)
[2024-12-12 02:17:01,118] INFO Starting the log cleaner (kafka.log.LogCleaner)
[2024-12-12 02:17:01,195] INFO [kafka-log-cleaner-thread-0]: Starting (kafka.log.LogCleaner)
