#
# There is insufficient memory for the Java Runtime Environment to continue.
# Native memory allocation (mmap) failed to map 1073741824 bytes for committing reserved memory.
# Possible reasons:
#   The system is out of physical RAM or swap space
#   The process is running with CompressedOops enabled, and the Java Heap may be blocking the growth of the native heap
# Possible solutions:
#   Reduce memory load on the system
#   Increase physical memory or swap space
#   Check if swap backing store is full
#   Decrease Java heap size (-Xmx/-Xms)
#   Decrease number of Java threads
#   Decrease Java thread stack sizes (-Xss)
#   Set larger code cache with -XX:ReservedCodeCacheSize=
# This output file may be truncated or incomplete.
#
#  Out of Memory Error (os_linux.cpp:2798), pid=6854, tid=0x00007ff026566700
#
# JRE version:  (8.0_312-b07) (build )
# Java VM: OpenJDK 64-Bit Server VM (25.312-b07 mixed mode linux-amd64 compressed oops)
# Failed to write core dump. Core dumps have been disabled. To enable core dumping, try "ulimit -c unlimited" before starting Java again
#

---------------  T H R E A D  ---------------

Current thread (0x00007ff01c010800):  JavaThread "Unknown thread" [_thread_in_vm, id=7182, stack(0x00007ff026467000,0x00007ff026567000)]

Stack: [0x00007ff026467000,0x00007ff026567000],  sp=0x00007ff026565440,  free space=1017k
Native frames: (J=compiled Java code, j=interpreted, Vv=VM code, C=native code)
V  [libjvm.so+0xb6dd22]
V  [libjvm.so+0x4f22a7]
V  [libjvm.so+0x993bc6]
V  [libjvm.so+0x98b23c]
V  [libjvm.so+0x5c7e74]
V  [libjvm.so+0x5c7efe]
V  [libjvm.so+0x5cad75]
V  [libjvm.so+0x6408e6]
V  [libjvm.so+0x641a2e]
V  [libjvm.so+0x641f38]
V  [libjvm.so+0x5a249a]
V  [libjvm.so+0x5ac8dc]
V  [libjvm.so+0xb2fdca]
V  [libjvm.so+0xb300c5]
V  [libjvm.so+0x6565ff]
V  [libjvm.so+0xb12279]
V  [libjvm.so+0x73c1ff]  JNI_CreateJavaVM+0x5f
C  [libjli.so+0x2d3f]
C  [libjli.so+0x79bd]
C  [libpthread.so.0+0x76db]  start_thread+0xdb


---------------  P R O C E S S  ---------------

Java Threads: ( => current thread )

Other Threads:

=>0x00007ff01c010800 (exited) JavaThread "Unknown thread" [_thread_in_vm, id=7182, stack(0x00007ff026467000,0x00007ff026567000)]

VM state:not at safepoint (not fully initialized)

VM Mutex/Monitor currently owned by a thread:  ([mutex/lock_event])
[0x00007ff01c00d830] Heap_lock - owner thread: 0x00007ff01c010800

heap address: 0x00000000c0000000, size: 1024 MB, Compressed Oops mode: Non-zero based:0x00000000bffff000
Narrow klass base: 0x0000000000000000, Narrow klass shift: 0

GC Heap History (0 events):
No events

Deoptimization events (0 events):
No events

Classes redefined (0 events):
No events

Internal exceptions (0 events):
No events

Events (0 events):
No events


Dynamic libraries:
5609790df000-5609790e0000 r-xp 00000000 fd:01 1311036                    /usr/lib/jvm/java-8-openjdk-amd64/jre/bin/java
5609792df000-5609792e0000 r--p 00000000 fd:01 1311036                    /usr/lib/jvm/java-8-openjdk-amd64/jre/bin/java
5609792e0000-5609792e1000 rw-p 00001000 fd:01 1311036                    /usr/lib/jvm/java-8-openjdk-amd64/jre/bin/java
56097a1f7000-56097a218000 rw-p 00000000 00:00 0                          [heap]
7fefdc000000-7fefdc021000 rw-p 00000000 00:00 0 
7fefdc021000-7fefe0000000 ---p 00000000 00:00 0 
7fefe0000000-7fefe0021000 rw-p 00000000 00:00 0 
7fefe0021000-7fefe4000000 ---p 00000000 00:00 0 
7fefe5d7c000-7fefe8000000 rw-p 00000000 00:00 0 
7fefe8000000-7fefe8021000 rw-p 00000000 00:00 0 
7fefe8021000-7fefec000000 ---p 00000000 00:00 0 
7fefec000000-7fefec021000 rw-p 00000000 00:00 0 
7fefec021000-7feff0000000 ---p 00000000 00:00 0 
7feff0000000-7feff0021000 rw-p 00000000 00:00 0 
7feff0021000-7feff4000000 ---p 00000000 00:00 0 
7feff4000000-7feff4021000 rw-p 00000000 00:00 0 
7feff4021000-7feff8000000 ---p 00000000 00:00 0 
7feff8000000-7feff8021000 rw-p 00000000 00:00 0 
7feff8021000-7feffc000000 ---p 00000000 00:00 0 
7feffc000000-7feffc021000 rw-p 00000000 00:00 0 
7feffc021000-7ff000000000 ---p 00000000 00:00 0 
7ff000000000-7ff000021000 rw-p 00000000 00:00 0 
7ff000021000-7ff004000000 ---p 00000000 00:00 0 
7ff004000000-7ff004021000 rw-p 00000000 00:00 0 
7ff004021000-7ff008000000 ---p 00000000 00:00 0 
7ff008000000-7ff008021000 rw-p 00000000 00:00 0 
7ff008021000-7ff00d000000 ---p 00000000 00:00 0 
7ff00d000000-7ff00d270000 rwxp 00000000 00:00 0 
7ff00d270000-7ff01c000000 ---p 00000000 00:00 0 
7ff01c000000-7ff01c070000 rw-p 00000000 00:00 0 
7ff01c070000-7ff020000000 ---p 00000000 00:00 0 
7ff020009000-7ff02020b000 rw-p 00000000 00:00 0 
7ff02020b000-7ff02020c000 ---p 00000000 00:00 0 
7ff02020c000-7ff02030c000 rw-p 00000000 00:00 0 
7ff02030c000-7ff02030d000 ---p 00000000 00:00 0 
7ff02030d000-7ff02040d000 rw-p 00000000 00:00 0 
7ff02040d000-7ff021c0d000 ---p 00000000 00:00 0 
7ff021c0d000-7ff021c0e000 ---p 00000000 00:00 0 
7ff021c0e000-7ff021d0e000 rw-p 00000000 00:00 0 
7ff021d0e000-7ff021d0f000 ---p 00000000 00:00 0 
7ff021d0f000-7ff021e0f000 rw-p 00000000 00:00 0 
7ff021e0f000-7ff021e10000 ---p 00000000 00:00 0 
7ff021e10000-7ff021f10000 rw-p 00000000 00:00 0 
7ff021f10000-7ff021f11000 ---p 00000000 00:00 0 
7ff021f11000-7ff022011000 rw-p 00000000 00:00 0 
7ff022011000-7ff022012000 ---p 00000000 00:00 0 
7ff022012000-7ff022516000 rw-p 00000000 00:00 0 
7ff022516000-7ff022517000 ---p 00000000 00:00 0 
7ff022517000-7ff022617000 rw-p 00000000 00:00 0 
7ff022617000-7ff022618000 ---p 00000000 00:00 0 
7ff022618000-7ff022718000 rw-p 00000000 00:00 0 
7ff022718000-7ff022719000 ---p 00000000 00:00 0 
7ff022719000-7ff022819000 rw-p 00000000 00:00 0 
7ff022819000-7ff02281a000 ---p 00000000 00:00 0 
7ff02281a000-7ff022924000 rw-p 00000000 00:00 0 
7ff022924000-7ff022cda000 ---p 00000000 00:00 0 
7ff022cda000-7ff022ce2000 r-xp 00000000 fd:01 1311082                    /usr/lib/jvm/java-8-openjdk-amd64/jre/lib/amd64/libzip.so
7ff022ce2000-7ff022ee1000 ---p 00008000 fd:01 1311082                    /usr/lib/jvm/java-8-openjdk-amd64/jre/lib/amd64/libzip.so
7ff022ee1000-7ff022ee2000 r--p 00007000 fd:01 1311082                    /usr/lib/jvm/java-8-openjdk-amd64/jre/lib/amd64/libzip.so
7ff022ee2000-7ff022ee3000 rw-p 00008000 fd:01 1311082                    /usr/lib/jvm/java-8-openjdk-amd64/jre/lib/amd64/libzip.so
7ff022ee3000-7ff022eee000 r-xp 00000000 fd:01 151745                     /lib/x86_64-linux-gnu/libnss_files-2.27.so
7ff022eee000-7ff0230ed000 ---p 0000b000 fd:01 151745                     /lib/x86_64-linux-gnu/libnss_files-2.27.so
7ff0230ed000-7ff0230ee000 r--p 0000a000 fd:01 151745                     /lib/x86_64-linux-gnu/libnss_files-2.27.so
7ff0230ee000-7ff0230ef000 rw-p 0000b000 fd:01 151745                     /lib/x86_64-linux-gnu/libnss_files-2.27.so
7ff0230ef000-7ff0230f5000 rw-p 00000000 00:00 0 
7ff0230f5000-7ff02310c000 r-xp 00000000 fd:01 151742                     /lib/x86_64-linux-gnu/libnsl-2.27.so
7ff02310c000-7ff02330b000 ---p 00017000 fd:01 151742                     /lib/x86_64-linux-gnu/libnsl-2.27.so
7ff02330b000-7ff02330c000 r--p 00016000 fd:01 151742                     /lib/x86_64-linux-gnu/libnsl-2.27.so
7ff02330c000-7ff02330d000 rw-p 00017000 fd:01 151742                     /lib/x86_64-linux-gnu/libnsl-2.27.so
7ff02330d000-7ff02330f000 rw-p 00000000 00:00 0 
7ff02330f000-7ff02331a000 r-xp 00000000 fd:01 151747                     /lib/x86_64-linux-gnu/libnss_nis-2.27.so
7ff02331a000-7ff023519000 ---p 0000b000 fd:01 151747                     /lib/x86_64-linux-gnu/libnss_nis-2.27.so
7ff023519000-7ff02351a000 r--p 0000a000 fd:01 151747                     /lib/x86_64-linux-gnu/libnss_nis-2.27.so
7ff02351a000-7ff02351b000 rw-p 0000b000 fd:01 151747                     /lib/x86_64-linux-gnu/libnss_nis-2.27.so
7ff02351b000-7ff023523000 r-xp 00000000 fd:01 151743                     /lib/x86_64-linux-gnu/libnss_compat-2.27.so
7ff023523000-7ff023723000 ---p 00008000 fd:01 151743                     /lib/x86_64-linux-gnu/libnss_compat-2.27.so
7ff023723000-7ff023724000 r--p 00008000 fd:01 151743                     /lib/x86_64-linux-gnu/libnss_compat-2.27.so
7ff023724000-7ff023725000 rw-p 00009000 fd:01 151743                     /lib/x86_64-linux-gnu/libnss_compat-2.27.so
7ff023725000-7ff02374f000 r-xp 00000000 fd:01 1311063                    /usr/lib/jvm/java-8-openjdk-amd64/jre/lib/amd64/libjava.so
7ff02374f000-7ff02394f000 ---p 0002a000 fd:01 1311063                    /usr/lib/jvm/java-8-openjdk-amd64/jre/lib/amd64/libjava.so
7ff02394f000-7ff023950000 r--p 0002a000 fd:01 1311063                    /usr/lib/jvm/java-8-openjdk-amd64/jre/lib/amd64/libjava.so
7ff023950000-7ff023952000 rw-p 0002b000 fd:01 1311063                    /usr/lib/jvm/java-8-openjdk-amd64/jre/lib/amd64/libjava.so
7ff023952000-7ff023962000 r-xp 00000000 fd:01 1311081                    /usr/lib/jvm/java-8-openjdk-amd64/jre/lib/amd64/libverify.so
7ff023962000-7ff023b61000 ---p 00010000 fd:01 1311081                    /usr/lib/jvm/java-8-openjdk-amd64/jre/lib/amd64/libverify.so
7ff023b61000-7ff023b63000 r--p 0000f000 fd:01 1311081                    /usr/lib/jvm/java-8-openjdk-amd64/jre/lib/amd64/libverify.so
7ff023b63000-7ff023b64000 rw-p 00011000 fd:01 1311081                    /usr/lib/jvm/java-8-openjdk-amd64/jre/lib/amd64/libverify.so
7ff023b64000-7ff023b6b000 r-xp 00000000 fd:01 151752                     /lib/x86_64-linux-gnu/librt-2.27.so
7ff023b6b000-7ff023d6a000 ---p 00007000 fd:01 151752                     /lib/x86_64-linux-gnu/librt-2.27.so
7ff023d6a000-7ff023d6b000 r--p 00006000 fd:01 151752                     /lib/x86_64-linux-gnu/librt-2.27.so
7ff023d6b000-7ff023d6c000 rw-p 00007000 fd:01 151752                     /lib/x86_64-linux-gnu/librt-2.27.so
7ff023d6c000-7ff023d83000 r-xp 00000000 fd:01 151714                     /lib/x86_64-linux-gnu/libgcc_s.so.1
7ff023d83000-7ff023f82000 ---p 00017000 fd:01 151714                     /lib/x86_64-linux-gnu/libgcc_s.so.1
7ff023f82000-7ff023f83000 r--p 00016000 fd:01 151714                     /lib/x86_64-linux-gnu/libgcc_s.so.1
7ff023f83000-7ff023f84000 rw-p 00017000 fd:01 151714                     /lib/x86_64-linux-gnu/libgcc_s.so.1
7ff023f84000-7ff024121000 r-xp 00000000 fd:01 151739                     /lib/x86_64-linux-gnu/libm-2.27.so
7ff024121000-7ff024320000 ---p 0019d000 fd:01 151739                     /lib/x86_64-linux-gnu/libm-2.27.so
7ff024320000-7ff024321000 r--p 0019c000 fd:01 151739                     /lib/x86_64-linux-gnu/libm-2.27.so
7ff024321000-7ff024322000 rw-p 0019d000 fd:01 151739                     /lib/x86_64-linux-gnu/libm-2.27.so
7ff024322000-7ff02449b000 r-xp 00000000 fd:01 151721                     /usr/lib/x86_64-linux-gnu/libstdc++.so.6.0.25
7ff02449b000-7ff02469b000 ---p 00179000 fd:01 151721                     /usr/lib/x86_64-linux-gnu/libstdc++.so.6.0.25
7ff02469b000-7ff0246a5000 r--p 00179000 fd:01 151721                     /usr/lib/x86_64-linux-gnu/libstdc++.so.6.0.25
7ff0246a5000-7ff0246a7000 rw-p 00183000 fd:01 151721                     /usr/lib/x86_64-linux-gnu/libstdc++.so.6.0.25
7ff0246a7000-7ff0246ab000 rw-p 00000000 00:00 0 
7ff0246ab000-7ff02541c000 r-xp 00000000 fd:01 1311085                    /usr/lib/jvm/java-8-openjdk-amd64/jre/lib/amd64/server/libjvm.so
7ff02541c000-7ff02561c000 ---p 00d71000 fd:01 1311085                    /usr/lib/jvm/java-8-openjdk-amd64/jre/lib/amd64/server/libjvm.so
7ff02561c000-7ff0256b2000 r--p 00d71000 fd:01 1311085                    /usr/lib/jvm/java-8-openjdk-amd64/jre/lib/amd64/server/libjvm.so
7ff0256b2000-7ff0256db000 rw-p 00e07000 fd:01 1311085                    /usr/lib/jvm/java-8-openjdk-amd64/jre/lib/amd64/server/libjvm.so
7ff0256db000-7ff02570e000 rw-p 00000000 00:00 0 
7ff02570e000-7ff025728000 r-xp 00000000 fd:01 151750                     /lib/x86_64-linux-gnu/libpthread-2.27.so
7ff025728000-7ff025927000 ---p 0001a000 fd:01 151750                     /lib/x86_64-linux-gnu/libpthread-2.27.so
7ff025927000-7ff025928000 r--p 00019000 fd:01 151750                     /lib/x86_64-linux-gnu/libpthread-2.27.so
7ff025928000-7ff025929000 rw-p 0001a000 fd:01 151750                     /lib/x86_64-linux-gnu/libpthread-2.27.so
7ff025929000-7ff02592d000 rw-p 00000000 00:00 0 
7ff02592d000-7ff025930000 r-xp 00000000 fd:01 151738                     /lib/x86_64-linux-gnu/libdl-2.27.so
7ff025930000-7ff025b2f000 ---p 00003000 fd:01 151738                     /lib/x86_64-linux-gnu/libdl-2.27.so
7ff025b2f000-7ff025b30000 r--p 00002000 fd:01 151738                     /lib/x86_64-linux-gnu/libdl-2.27.so
7ff025b30000-7ff025b31000 rw-p 00003000 fd:01 151738                     /lib/x86_64-linux-gnu/libdl-2.27.so
7ff025b31000-7ff025b4d000 r-xp 00000000 fd:01 133646                     /lib/x86_64-linux-gnu/libz.so.1.2.11
7ff025b4d000-7ff025d4c000 ---p 0001c000 fd:01 133646                     /lib/x86_64-linux-gnu/libz.so.1.2.11
7ff025d4c000-7ff025d4d000 r--p 0001b000 fd:01 133646                     /lib/x86_64-linux-gnu/libz.so.1.2.11
7ff025d4d000-7ff025d4e000 rw-p 0001c000 fd:01 133646                     /lib/x86_64-linux-gnu/libz.so.1.2.11
7ff025d4e000-7ff025f35000 r-xp 00000000 fd:01 151735                     /lib/x86_64-linux-gnu/libc-2.27.so
7ff025f35000-7ff026135000 ---p 001e7000 fd:01 151735                     /lib/x86_64-linux-gnu/libc-2.27.so
7ff026135000-7ff026139000 r--p 001e7000 fd:01 151735                     /lib/x86_64-linux-gnu/libc-2.27.so
7ff026139000-7ff02613b000 rw-p 001eb000 fd:01 151735                     /lib/x86_64-linux-gnu/libc-2.27.so
7ff02613b000-7ff02613f000 rw-p 00000000 00:00 0 
7ff02613f000-7ff02614d000 r-xp 00000000 fd:01 1311049                    /usr/lib/jvm/java-8-openjdk-amd64/jre/lib/amd64/jli/libjli.so
7ff02614d000-7ff02634c000 ---p 0000e000 fd:01 1311049                    /usr/lib/jvm/java-8-openjdk-amd64/jre/lib/amd64/jli/libjli.so
7ff02634c000-7ff02634d000 r--p 0000d000 fd:01 1311049                    /usr/lib/jvm/java-8-openjdk-amd64/jre/lib/amd64/jli/libjli.so
7ff02634d000-7ff02634e000 rw-p 0000e000 fd:01 1311049                    /usr/lib/jvm/java-8-openjdk-amd64/jre/lib/amd64/jli/libjli.so
7ff02634e000-7ff026377000 r-xp 00000000 fd:01 151731                     /lib/x86_64-linux-gnu/ld-2.27.so
7ff0263a3000-7ff026466000 rw-p 00000000 00:00 0 
7ff026466000-7ff026467000 ---p 00000000 00:00 0 
7ff026467000-7ff02646a000 ---p 00000000 00:00 0 
7ff02646a000-7ff026569000 rw-p 00000000 00:00 0 
7ff02656b000-7ff026573000 rw-s 00000000 fd:01 5222430                    /tmp/hsperfdata_root/6854
7ff026573000-7ff026574000 rw-p 00000000 00:00 0 
7ff026574000-7ff026575000 r--p 00000000 00:00 0 
7ff026575000-7ff026577000 rw-p 00000000 00:00 0 
7ff026577000-7ff026578000 r--p 00029000 fd:01 151731                     /lib/x86_64-linux-gnu/ld-2.27.so
7ff026578000-7ff026579000 rw-p 0002a000 fd:01 151731                     /lib/x86_64-linux-gnu/ld-2.27.so
7ff026579000-7ff02657a000 rw-p 00000000 00:00 0 
7ffcacef0000-7ffcacf13000 rw-p 00000000 00:00 0                          [stack]
7ffcacf5b000-7ffcacf5e000 r--p 00000000 00:00 0                          [vvar]
7ffcacf5e000-7ffcacf60000 r-xp 00000000 00:00 0                          [vdso]
ffffffffff600000-ffffffffff601000 r-xp 00000000 00:00 0                  [vsyscall]

VM Arguments:
jvm_args: -Xmx1G -Xms1G -XX:+UseG1GC -XX:MaxGCPauseMillis=20 -XX:InitiatingHeapOccupancyPercent=35 -XX:+ExplicitGCInvokesConcurrent -XX:MaxInlineLevel=15 -Djava.awt.headless=true -Xloggc:/root/kafka_2.13-3.1.0/bin/../logs/kafkaServer-gc.log -verbose:gc -XX:+PrintGCDetails -XX:+PrintGCDateStamps -XX:+PrintGCTimeStamps -XX:+UseGCLogFileRotation -XX:NumberOfGCLogFiles=10 -XX:GCLogFileSize=100M -Dcom.sun.management.jmxremote -Dcom.sun.management.jmxremote.authenticate=false -Dcom.sun.management.jmxremote.ssl=false -Dkafka.logs.dir=/root/kafka_2.13-3.1.0/bin/../logs -Dlog4j.configuration=file:bin/../config/log4j.properties 
java_command: kafka.Kafka config/server.properties
java_class_path (initial): /root/kafka_2.13-3.1.0/bin/../libs/activation-1.1.1.jar:/root/kafka_2.13-3.1.0/bin/../libs/aopalliance-repackaged-2.6.1.jar:/root/kafka_2.13-3.1.0/bin/../libs/argparse4j-0.7.0.jar:/root/kafka_2.13-3.1.0/bin/../libs/audience-annotations-0.5.0.jar:/root/kafka_2.13-3.1.0/bin/../libs/commons-cli-1.4.jar:/root/kafka_2.13-3.1.0/bin/../libs/commons-lang3-3.8.1.jar:/root/kafka_2.13-3.1.0/bin/../libs/connect-api-3.1.0.jar:/root/kafka_2.13-3.1.0/bin/../libs/connect-basic-auth-extension-3.1.0.jar:/root/kafka_2.13-3.1.0/bin/../libs/connect-file-3.1.0.jar:/root/kafka_2.13-3.1.0/bin/../libs/connect-json-3.1.0.jar:/root/kafka_2.13-3.1.0/bin/../libs/connect-mirror-3.1.0.jar:/root/kafka_2.13-3.1.0/bin/../libs/connect-mirror-client-3.1.0.jar:/root/kafka_2.13-3.1.0/bin/../libs/connect-runtime-3.1.0.jar:/root/kafka_2.13-3.1.0/bin/../libs/connect-transforms-3.1.0.jar:/root/kafka_2.13-3.1.0/bin/../libs/hk2-api-2.6.1.jar:/root/kafka_2.13-3.1.0/bin/../libs/hk2-locator-2.6.1.jar:/root/kafka_2.13-3.1.0/bin/../libs/hk2-utils-2.6.1.jar:/root/kafka_2.13-3.1.0/bin/../libs/jackson-annotations-2.12.3.jar:/root/kafka_2.13-3.1.0/bin/../libs/jackson-core-2.12.3.jar:/root/kafka_2.13-3.1.0/bin/../libs/jackson-databind-2.12.3.jar:/root/kafka_2.13-3.1.0/bin/../libs/jackson-dataformat-csv-2.12.3.jar:/root/kafka_2.13-3.1.0/bin/../libs/jackson-datatype-jdk8-2.12.3.jar:/root/kafka_2.13-3.1.0/bin/../libs/jackson-jaxrs-base-2.12.3.jar:/root/kafka_2.13-3.1.0/bin/../libs/jackson-jaxrs-json-provider-2.12.3.jar:/root/kafka_2.13-3.1.0/bin/../libs/jackson-module-jaxb-annotations-2.12.3.jar:/root/kafka_2.13-3.1.0/bin/../libs/jackson-module-scala_2.13-2.12.3.jar:/root/kafka_2.13-3.1.0/bin/../libs/jakarta.activation-api-1.2.1.jar:/root/kafka_2.13-3.1.0/bin/../libs/jakarta.annotation-api-1.3.5.jar:/root/kafka_2.13-3.1.0/bin/../libs/jakarta.inject-2.6.1.jar:/root/kafka_2.13-3.1.0/bin/../libs/jakarta.validation-api-2.0.2.jar:/root/kafka_2.13-3.1.0/bin/../libs/jakarta.ws.rs-api-2.1.6.jar:/root/
Launcher Type: SUN_STANDARD

Environment Variables:
PATH=/usr/lib/jvm/java-1.8.0-openjdk-amd64/bin:/root/.sdkman/candidates/micronaut/current/bin:/root/software/node-v16.13.1-linux-x64/bin:/usr/local/sbin:/usr/local/bin:/usr/sbin:/usr/bin:/sbin:/bin:/usr/games:/usr/local/games:/snap/bin
SHELL=/bin/bash

Signal Handlers:
SIGSEGV: [libjvm.so+0xb6f390], sa_mask[0]=11111111011111111101111111111110, sa_flags=SA_RESTART|SA_SIGINFO
SIGBUS: [libjvm.so+0xb6f390], sa_mask[0]=11111111011111111101111111111110, sa_flags=SA_RESTART|SA_SIGINFO
SIGFPE: [libjvm.so+0x98ec90], sa_mask[0]=11111111011111111101111111111110, sa_flags=SA_RESTART|SA_SIGINFO
SIGPIPE: [libjvm.so+0x98ec90], sa_mask[0]=11111111011111111101111111111110, sa_flags=SA_RESTART|SA_SIGINFO
SIGXFSZ: [libjvm.so+0x98ec90], sa_mask[0]=11111111011111111101111111111110, sa_flags=SA_RESTART|SA_SIGINFO
SIGILL: [libjvm.so+0x98ec90], sa_mask[0]=11111111011111111101111111111110, sa_flags=SA_RESTART|SA_SIGINFO
SIGUSR1: SIG_DFL, sa_mask[0]=00000000000000000000000000000000, sa_flags=none
SIGUSR2: [libjvm.so+0x98eb40], sa_mask[0]=00000000000000000000000000000000, sa_flags=SA_RESTART|SA_SIGINFO
SIGHUP: SIG_IGN, sa_mask[0]=00000000000000000000000000000000, sa_flags=none
SIGINT: SIG_DFL, sa_mask[0]=00000000000000000000000000000000, sa_flags=none
SIGTERM: SIG_DFL, sa_mask[0]=00000000000000000000000000000000, sa_flags=none
SIGQUIT: SIG_DFL, sa_mask[0]=00000000000000000000000000000000, sa_flags=none


---------------  S Y S T E M  ---------------

OS:DISTRIB_ID=Ubuntu
DISTRIB_RELEASE=18.04
DISTRIB_CODENAME=bionic
DISTRIB_DESCRIPTION="Ubuntu 18.04.6 LTS"

uname:Linux 4.15.0-167-generic #175-Ubuntu SMP Wed Jan 5 01:56:07 UTC 2022 x86_64
libc:glibc 2.27 NPTL 2.27 
rlimit: STACK 8192k, CORE 0k, NPROC 31611, NOFILE 1048576, AS infinity
load average:1.12 5.02 2.94

/proc/meminfo:
MemTotal:        8142004 kB
MemFree:          127376 kB
MemAvailable:     240548 kB
Buffers:           36540 kB
Cached:           257428 kB
SwapCached:        26484 kB
Active:          3898664 kB
Inactive:        3715792 kB
Active(anon):    3747012 kB
Inactive(anon):  3573508 kB
Active(file):     151652 kB
Inactive(file):   142284 kB
Unevictable:           0 kB
Mlocked:               0 kB
SwapTotal:       1998844 kB
SwapFree:         379388 kB
Dirty:               336 kB
Writeback:             0 kB
AnonPages:       7308252 kB
Mapped:            95644 kB
Shmem:              1360 kB
Slab:             208948 kB
SReclaimable:      81080 kB
SUnreclaim:       127868 kB
KernelStack:       24592 kB
PageTables:        47644 kB
NFS_Unstable:          0 kB
Bounce:                0 kB
WritebackTmp:          0 kB
CommitLimit:     6069844 kB
Committed_AS:   18283912 kB
VmallocTotal:   34359738367 kB
VmallocUsed:           0 kB
VmallocChunk:          0 kB
HardwareCorrupted:     0 kB
AnonHugePages:         0 kB
ShmemHugePages:        0 kB
ShmemPmdMapped:        0 kB
CmaTotal:              0 kB
CmaFree:               0 kB
HugePages_Total:       0
HugePages_Free:        0
HugePages_Rsvd:        0
HugePages_Surp:        0
Hugepagesize:       2048 kB
DirectMap4k:      229184 kB
DirectMap2M:     8159232 kB
DirectMap1G:     2097152 kB

container (cgroup) information:
container_type: cgroupv1
cpu_cpuset_cpus: 0-3
cpu_memory_nodes: 0
active_processor_count: 4
cpu_quota: -1
cpu_period: 100000
cpu_shares: -1
memory_limit_in_bytes: -1
memory_and_swap_limit_in_bytes: -2
memory_soft_limit_in_bytes: -1
memory_usage_in_bytes: 180453376
memory_max_usage_in_bytes: 185933824


CPU:total 4 (initial active 4) (1 cores per cpu, 1 threads per core) family 6 model 79 stepping 0, cmov, cx8, fxsr, mmx, sse, sse2, sse3, ssse3, sse4.1, sse4.2, popcnt, avx, avx2, aes, clmul, erms, 3dnowpref, lzcnt, tsc, tscinvbit, bmi1, bmi2, adx

/proc/cpuinfo:
processor	: 0
vendor_id	: GenuineIntel
cpu family	: 6
model		: 79
model name	: Intel(R) Xeon(R) Gold 6230R CPU @ 2.10GHz
stepping	: 0
microcode	: 0x5003103
cpu MHz		: 2100.000
cache size	: 36608 KB
physical id	: 0
siblings	: 1
core id		: 0
cpu cores	: 1
apicid		: 0
initial apicid	: 0
fpu		: yes
fpu_exception	: yes
cpuid level	: 13
wp		: yes
flags		: fpu vme de pse tsc msr pae mce cx8 apic sep mtrr pge mca cmov pat pse36 clflush mmx fxsr sse sse2 ss syscall nx pdpe1gb rdtscp lm constant_tsc arch_perfmon nopl xtopology tsc_reliable nonstop_tsc cpuid pni pclmulqdq ssse3 fma cx16 pcid sse4_1 sse4_2 x2apic movbe popcnt tsc_deadline_timer aes xsave avx f16c rdrand hypervisor lahf_lm abm 3dnowprefetch cpuid_fault invpcid_single pti ssbd ibrs ibpb stibp fsgsbase tsc_adjust bmi1 avx2 smep bmi2 invpcid rdseed adx smap xsaveopt arat md_clear flush_l1d arch_capabilities
bugs		: cpu_meltdown spectre_v1 spectre_v2 spec_store_bypass l1tf mds swapgs itlb_multihit
bogomips	: 4200.00
clflush size	: 64
cache_alignment	: 64
address sizes	: 43 bits physical, 48 bits virtual
power management:

processor	: 1
vendor_id	: GenuineIntel
cpu family	: 6
model		: 79
model name	: Intel(R) Xeon(R) Gold 6230R CPU @ 2.10GHz
stepping	: 0
microcode	: 0x5003103
cpu MHz		: 2100.000
cache size	: 36608 KB
physical id	: 2
siblings	: 1
core id		: 0
cpu cores	: 1
apicid		: 2
initial apicid	: 2
fpu		: yes
fpu_exception	: yes
cpuid level	: 13
wp		: yes
flags		: fpu vme de pse tsc msr pae mce cx8 apic sep mtrr pge mca cmov pat pse36 clflush mmx fxsr sse sse2 ss syscall nx pdpe1gb rdtscp lm constant_tsc arch_perfmon nopl xtopology tsc_reliable nonstop_tsc cpuid pni pclmulqdq ssse3 fma cx16 pcid sse4_1 sse4_2 x2apic movbe popcnt tsc_deadline_timer aes xsave avx f16c rdrand hypervisor lahf_lm abm 3dnowprefetch cpuid_fault invpcid_single pti ssbd ibrs ibpb stibp fsgsbase tsc_adjust bmi1 avx2 smep bmi2 invpcid rdseed adx smap xsaveopt arat md_clear flush_l1d arch_capabilities
bugs		: cpu_meltdown spectre_v1 spectre_v2 spec_store_bypass l1tf mds swapgs itlb_multihit
bogomips	: 4200.00
clflush size	: 64
cache_alignment	: 64
address sizes	: 43 bits physical, 48 bits virtual
power management:

processor	: 2
vendor_id	: GenuineIntel
cpu family	: 6
model		: 79
model name	: Intel(R) Xeon(R) Gold 6230R CPU @ 2.10GHz
stepping	: 0
microcode	: 0x5003103
cpu MHz		: 2100.000
cache size	: 36608 KB
physical id	: 4
siblings	: 1
core id		: 0
cpu cores	: 1
apicid		: 4
initial apicid	: 4
fpu		: yes
fpu_exception	: yes
cpuid level	: 13
wp		: yes
flags		: fpu vme de pse tsc msr pae mce cx8 apic sep mtrr pge mca cmov pat pse36 clflush mmx fxsr sse sse2 ss syscall nx pdpe1gb rdtscp lm constant_tsc arch_perfmon nopl xtopology tsc_reliable nonstop_tsc cpuid pni pclmulqdq ssse3 fma cx16 pcid sse4_1 sse4_2 x2apic movbe popcnt tsc_deadline_timer aes xsave avx f16c rdrand hypervisor lahf_lm abm 3dnowprefetch cpuid_fault invpcid_single pti ssbd ibrs ibpb stibp fsgsbase tsc_adjust bmi1 avx2 smep bmi2 invpcid rdseed adx smap xsaveopt arat md_clear flush_l1d arch_capabilities
bugs		: cpu_meltdown spectre_v1 spectre_v2 spec_store_bypass l1tf mds swapgs itlb_multihit
bogomips	: 4200.00
clflush size	: 64
cache_alignment	: 64
address sizes	: 43 bits physical, 48 bits virtual
power management:

processor	: 3
vendor_id	: GenuineIntel
cpu family	: 6
model		: 79
model name	: Intel(R) Xeon(R) Gold 6230R CPU @ 2.10GHz
stepping	: 0
microcode	: 0x5003103
cpu MHz		: 2100.000
cache size	: 36608 KB
physical id	: 6
siblings	: 1
core id		: 0
cpu cores	: 1
apicid		: 6
initial apicid	: 6
fpu		: yes
fpu_exception	: yes
cpuid level	: 13
wp		: yes
flags		: fpu vme de pse tsc msr pae mce cx8 apic sep mtrr pge mca cmov pat pse36 clflush mmx fxsr sse sse2 ss syscall nx pdpe1gb rdtscp lm constant_tsc arch_perfmon nopl xtopology tsc_reliable nonstop_tsc cpuid pni pclmulqdq ssse3 fma cx16 pcid sse4_1 sse4_2 x2apic movbe popcnt tsc_deadline_timer aes xsave avx f16c rdrand hypervisor lahf_lm abm 3dnowprefetch cpuid_fault invpcid_single pti ssbd ibrs ibpb stibp fsgsbase tsc_adjust bmi1 avx2 smep bmi2 invpcid rdseed adx smap xsaveopt arat md_clear flush_l1d arch_capabilities
bugs		: cpu_meltdown spectre_v1 spectre_v2 spec_store_bypass l1tf mds swapgs itlb_multihit
bogomips	: 4200.00
clflush size	: 64
cache_alignment	: 64
address sizes	: 43 bits physical, 48 bits virtual
power management:



Memory: 4k page, physical 8142004k(127376k free), swap 1998844k(379388k free)

vm_info: OpenJDK 64-Bit Server VM (25.312-b07) for linux-amd64 JRE (1.8.0_312-8u312-b07-0ubuntu1~18.04-b07), built on Nov  3 2021 13:54:59 by "buildd" with gcc 7.5.0

time: Tue May 31 16:31:42 2022
timezone: UTC
elapsed time: 0.016225 seconds (0d 0h 0m 0s)

